[2020-03-31 17:21:21,753] root:INFO: ==========- Start -==========
[2020-03-31 17:21:22,671] root:INFO: 430723080 что-то хочет - FAQ
[2020-03-31 17:21:27,793] root:INFO: Пользователь 427843213 зашёл.
[2020-03-31 17:21:29,341] root:INFO: Пользователь 427843213 выбрал язык en 
[2020-03-31 17:21:29,341] root:INFO: Пользователь 427843213 использовал /help.
[2020-03-31 17:21:32,646] root:INFO: Пользователь 430723080 зашёл.
[2020-03-31 17:21:37,871] root:INFO: Пользователь 430723080 выбрал язык ru 
[2020-03-31 17:21:37,871] root:INFO: Пользователь 430723080 использовал /help.
[2020-03-31 17:23:56,548] root:INFO: Пользователь 430723080 зашёл.
[2020-03-31 17:23:57,935] root:INFO: Пользователь 430723080 выбрал язык ru 
[2020-03-31 17:23:57,935] root:INFO: Пользователь 430723080 использовал /help.
[2020-03-31 17:24:53,251] root:INFO: ==========- Start -==========
[2020-03-31 17:26:42,366] root:INFO: ==========- Start -==========
[2020-03-31 17:26:49,767] root:INFO: 430723080 что-то хочет - helloworld
[2020-03-31 17:26:53,845] root:INFO: Пользователь 430723080 зашёл.
[2020-03-31 17:26:57,390] root:INFO: Пользователь 430723080 выбрал язык ru 
[2020-03-31 17:26:57,390] root:INFO: Пользователь 430723080 использовал /help.
[2020-03-31 17:27:00,190] root:INFO: Пользователь 430723080 использовал /help.
[2020-03-31 17:27:07,966] root:INFO: Пользователь 430723080 зашёл.
[2020-03-31 17:27:14,906] root:INFO: Администратор 430723080 зашёл под паролем "s helloworld"
[2020-03-31 17:27:18,746] root:INFO: Пользователь 430723080 выбрал язык ru 
[2020-03-31 17:27:18,746] root:INFO: Пользователь 430723080 использовал /help.
[2020-03-31 17:27:27,622] root:INFO: Пользователь 427843213 зашёл.
[2020-03-31 17:27:28,744] root:INFO: Пользователь 427843213 выбрал язык ru 
[2020-03-31 17:27:28,745] root:INFO: Пользователь 427843213 использовал /help.
[2020-03-31 17:27:36,897] root:INFO: Администратор 430723080 ответил 430723080 на вопрос "ChronosX88 : 31123213123": "<#>427843213: Кто пидор?".
[2020-03-31 17:27:53,228] root:INFO: Администратор 430723080 ответил 427843213 на вопрос "Enotit : Кто пидор?": "irejgkdsf".
